<?xml version="1.0" encoding="UTF-8"?>
<robot generator="Robot 7.0.1 (Python 3.10.2 on win32)" generated="2024-08-26T19:59:36.573405" rpa="false" schemaversion="5">
<suite id="s1" name="Suites">
<suite id="s1-s1" name="LOGIN PAGE TEST" source="C:\Users\ANIL KUMAR RAHUL\PycharmProjects\GenE_Automation\Testcases\LOGIN_PAGE_TEST">
<suite id="s1-s1-s1" name="Loginpage Testcases" source="C:\Users\ANIL KUMAR RAHUL\PycharmProjects\GenE_Automation\Testcases\LOGIN_PAGE_TEST\Loginpage_Testcases.robot">
<test id="s1-s1-s1-t1" name="Verify User Can Log In With Valid Credentials" line="8">
<kw name="Login Page" owner="Loginpage_Keywords" type="SETUP">
<kw name="Open Browser" owner="SeleniumLibrary">
<msg time="2024-08-26T19:59:37.748659" level="INFO">Opening browser 'chrome' to base url 'https://gene-nextjs-dev.dtskill.com/signin'.</msg>
<arg>${URL}</arg>
<arg>chrome</arg>
<doc>Opens a new browser instance to the optional ``url``.</doc>
<status status="PASS" start="2024-08-26T19:59:37.748659" elapsed="9.649155"/>
</kw>
<kw name="Maximize Browser Window" owner="SeleniumLibrary">
<doc>Maximizes current browser window.</doc>
<status status="PASS" start="2024-08-26T19:59:47.397814" elapsed="0.196916"/>
</kw>
<kw name="Verify Gen E Logo Presence" owner="Loginpage_Keywords">
<kw name="Wait Until Page Contains Element" owner="SeleniumLibrary">
<arg>${LOGO_LOCATOR}</arg>
<arg>timeout=5s</arg>
<doc>Waits until the element ``locator`` appears on the current page.</doc>
<status status="PASS" start="2024-08-26T19:59:47.596742" elapsed="0.029611"/>
</kw>
<kw name="Element Should Be Visible" owner="SeleniumLibrary">
<msg time="2024-08-26T19:59:47.700617" level="INFO">Element 'xpath=/html/body/main/div/div/div/div[1]/div/div[1]/img' is displayed.</msg>
<arg>${LOGO_LOCATOR}</arg>
<doc>Verifies that the element identified by ``locator`` is visible.</doc>
<status status="PASS" start="2024-08-26T19:59:47.628356" elapsed="0.072261"/>
</kw>
<kw name="Sleep" owner="BuiltIn">
<msg time="2024-08-26T19:59:49.703389" level="INFO">Slept 2 seconds.</msg>
<arg>2s</arg>
<doc>Pauses the test executed for the given time.</doc>
<status status="PASS" start="2024-08-26T19:59:47.701616" elapsed="2.001773"/>
</kw>
<status status="PASS" start="2024-08-26T19:59:47.595729" elapsed="2.108584"/>
</kw>
<status status="PASS" start="2024-08-26T19:59:37.748659" elapsed="11.955654"/>
</kw>
<kw name="Fill Login Form" owner="Loginpage_Keywords">
<kw name="Verify Gen E Logo Presence" owner="Loginpage_Keywords">
<kw name="Wait Until Page Contains Element" owner="SeleniumLibrary">
<arg>${LOGO_LOCATOR}</arg>
<arg>timeout=5s</arg>
<doc>Waits until the element ``locator`` appears on the current page.</doc>
<status status="PASS" start="2024-08-26T19:59:49.707321" elapsed="0.014526"/>
</kw>
<kw name="Element Should Be Visible" owner="SeleniumLibrary">
<msg time="2024-08-26T19:59:49.758495" level="INFO">Element 'xpath=/html/body/main/div/div/div/div[1]/div/div[1]/img' is displayed.</msg>
<arg>${LOGO_LOCATOR}</arg>
<doc>Verifies that the element identified by ``locator`` is visible.</doc>
<status status="PASS" start="2024-08-26T19:59:49.721847" elapsed="0.036648"/>
</kw>
<kw name="Sleep" owner="BuiltIn">
<msg time="2024-08-26T19:59:51.773415" level="INFO">Slept 2 seconds.</msg>
<arg>2s</arg>
<doc>Pauses the test executed for the given time.</doc>
<status status="PASS" start="2024-08-26T19:59:49.759496" elapsed="2.013919"/>
</kw>
<status status="PASS" start="2024-08-26T19:59:49.706321" elapsed="2.067094"/>
</kw>
<kw name="Verify Email Logo Presence" owner="Loginpage_Keywords">
<kw name="Wait Until Page Contains Element" owner="SeleniumLibrary">
<arg>${EMAIL_LOGO}</arg>
<arg>timeout=5s</arg>
<doc>Waits until the element ``locator`` appears on the current page.</doc>
<status status="PASS" start="2024-08-26T19:59:51.775313" elapsed="0.096346"/>
</kw>
<kw name="Element Should Be Visible" owner="SeleniumLibrary">
<msg time="2024-08-26T19:59:51.901272" level="INFO">Element 'xpath=//i[@class='fa-sharp fa-regular fa-envelope']' is displayed.</msg>
<arg>${EMAIL_LOGO}</arg>
<doc>Verifies that the element identified by ``locator`` is visible.</doc>
<status status="PASS" start="2024-08-26T19:59:51.872657" elapsed="0.028615"/>
</kw>
<kw name="Sleep" owner="BuiltIn">
<msg time="2024-08-26T19:59:53.912039" level="INFO">Slept 2 seconds.</msg>
<arg>2s</arg>
<doc>Pauses the test executed for the given time.</doc>
<status status="PASS" start="2024-08-26T19:59:51.902271" elapsed="2.009768"/>
</kw>
<status status="PASS" start="2024-08-26T19:59:51.774312" elapsed="2.139239"/>
</kw>
<kw name="Verify Email Text Presence" owner="Loginpage_Keywords">
<kw name="Wait Until Page Contains Element" owner="SeleniumLibrary">
<arg>${EMAIL_TEXT_PRESENCE}</arg>
<arg>timeout=5s</arg>
<doc>Waits until the element ``locator`` appears on the current page.</doc>
<status status="PASS" start="2024-08-26T19:59:53.914562" elapsed="0.021080"/>
</kw>
<kw name="Element Should Be Visible" owner="SeleniumLibrary">
<msg time="2024-08-26T19:59:53.980309" level="INFO">Element 'xpath=//input[@placeholder='Enter email address']' is displayed.</msg>
<arg>${EMAIL_TEXT_PRESENCE}</arg>
<doc>Verifies that the element identified by ``locator`` is visible.</doc>
<status status="PASS" start="2024-08-26T19:59:53.936638" elapsed="0.043671"/>
</kw>
<kw name="Sleep" owner="BuiltIn">
<msg time="2024-08-26T19:59:55.983800" level="INFO">Slept 2 seconds.</msg>
<arg>2s</arg>
<doc>Pauses the test executed for the given time.</doc>
<status status="PASS" start="2024-08-26T19:59:53.981308" elapsed="2.002492"/>
</kw>
<status status="PASS" start="2024-08-26T19:59:53.913551" elapsed="2.071263"/>
</kw>
<kw name="Verify Password Logo Presence" owner="Loginpage_Keywords">
<kw name="Wait Until Page Contains Element" owner="SeleniumLibrary">
<arg>${PASSWORD_LOGO}</arg>
<arg>timeout=5s</arg>
<doc>Waits until the element ``locator`` appears on the current page.</doc>
<status status="PASS" start="2024-08-26T19:59:55.985810" elapsed="0.029605"/>
</kw>
<kw name="Element Should Be Visible" owner="SeleniumLibrary">
<msg time="2024-08-26T19:59:56.045541" level="INFO">Element 'xpath=//i[@class='fa-sharp fa-regular fa-envelope']' is displayed.</msg>
<arg>${PASSWORD_LOGO}</arg>
<doc>Verifies that the element identified by ``locator`` is visible.</doc>
<status status="PASS" start="2024-08-26T19:59:56.017427" elapsed="0.028114"/>
</kw>
<kw name="Sleep" owner="BuiltIn">
<msg time="2024-08-26T19:59:58.063389" level="INFO">Slept 2 seconds.</msg>
<arg>2s</arg>
<doc>Pauses the test executed for the given time.</doc>
<status status="PASS" start="2024-08-26T19:59:56.046550" elapsed="2.016839"/>
</kw>
<status status="PASS" start="2024-08-26T19:59:55.984814" elapsed="2.078575"/>
</kw>
<kw name="Verify Password Text Presence" owner="Loginpage_Keywords">
<kw name="Wait Until Page Contains Element" owner="SeleniumLibrary">
<arg>${PASSWORD_TEXT}</arg>
<arg>timeout=3s</arg>
<doc>Waits until the element ``locator`` appears on the current page.</doc>
<status status="PASS" start="2024-08-26T19:59:58.065329" elapsed="0.016104"/>
</kw>
<kw name="Element Should Be Visible" owner="SeleniumLibrary">
<msg time="2024-08-26T19:59:58.101485" level="INFO">Element 'xpath=//i[@class='fa-sharp fa-regular fa-lock']' is displayed.</msg>
<arg>${PASSWORD_TEXT}</arg>
<doc>Verifies that the element identified by ``locator`` is visible.</doc>
<status status="PASS" start="2024-08-26T19:59:58.081433" elapsed="0.020052"/>
</kw>
<kw name="Sleep" owner="BuiltIn">
<msg time="2024-08-26T20:00:00.108249" level="INFO">Slept 2 seconds.</msg>
<arg>2s</arg>
<doc>Pauses the test executed for the given time.</doc>
<status status="PASS" start="2024-08-26T19:59:58.101485" elapsed="2.006764"/>
</kw>
<status status="PASS" start="2024-08-26T19:59:58.064324" elapsed="2.043925"/>
</kw>
<kw name="Verify Forgot Password Presence" owner="Loginpage_Keywords">
<kw name="Wait Until Page Contains Element" owner="SeleniumLibrary">
<arg>${FORGOT_PASSWORD_PRESENCE}</arg>
<arg>timeout=3s</arg>
<doc>Waits until the element ``locator`` appears on the current page.</doc>
<status status="PASS" start="2024-08-26T20:00:00.110248" elapsed="0.043150"/>
</kw>
<kw name="Element Should Be Visible" owner="SeleniumLibrary">
<msg time="2024-08-26T20:00:00.176464" level="INFO">Element 'xpath=//div[@class='forget-text']' is displayed.</msg>
<arg>${FORGOT_PASSWORD_PRESENCE}</arg>
<doc>Verifies that the element identified by ``locator`` is visible.</doc>
<status status="PASS" start="2024-08-26T20:00:00.153398" elapsed="0.023066"/>
</kw>
<kw name="Sleep" owner="BuiltIn">
<msg time="2024-08-26T20:00:02.183357" level="INFO">Slept 2 seconds.</msg>
<arg>2s</arg>
<doc>Pauses the test executed for the given time.</doc>
<status status="PASS" start="2024-08-26T20:00:00.177473" elapsed="2.005884"/>
</kw>
<status status="PASS" start="2024-08-26T20:00:00.109251" elapsed="2.074106"/>
</kw>
<kw name="Verify Sign In Presence" owner="Loginpage_Keywords">
<kw name="Wait Until Page Contains Element" owner="SeleniumLibrary">
<arg>${SIGN_IN_PRESENCE}</arg>
<arg>timeout=2s</arg>
<doc>Waits until the element ``locator`` appears on the current page.</doc>
<status status="PASS" start="2024-08-26T20:00:02.183357" elapsed="0.020074"/>
</kw>
<kw name="Element Should Be Visible" owner="SeleniumLibrary">
<msg time="2024-08-26T20:00:02.228668" level="INFO">Element 'xpath=//button[normalize-space()='Sign In']' is displayed.</msg>
<arg>${SIGN_IN_PRESENCE}</arg>
<doc>Verifies that the element identified by ``locator`` is visible.</doc>
<status status="PASS" start="2024-08-26T20:00:02.203431" elapsed="0.025237"/>
</kw>
<kw name="Sleep" owner="BuiltIn">
<msg time="2024-08-26T20:00:04.233441" level="INFO">Slept 2 seconds.</msg>
<arg>2s</arg>
<doc>Pauses the test executed for the given time.</doc>
<status status="PASS" start="2024-08-26T20:00:02.228668" elapsed="2.004773"/>
</kw>
<status status="PASS" start="2024-08-26T20:00:02.183357" elapsed="2.050084"/>
</kw>
<kw name="Verify Sign Up Presence" owner="Loginpage_Keywords">
<kw name="Wait Until Page Contains Element" owner="SeleniumLibrary">
<arg>${SIGN_UP_PRESENCE}</arg>
<arg>timeout=2s</arg>
<doc>Waits until the element ``locator`` appears on the current page.</doc>
<status status="PASS" start="2024-08-26T20:00:04.233441" elapsed="0.010393"/>
</kw>
<kw name="Element Should Be Visible" owner="SeleniumLibrary">
<msg time="2024-08-26T20:00:04.263512" level="INFO">Element 'xpath=//span[normalize-space()='Sign Up']' is displayed.</msg>
<arg>${SIGN_UP_PRESENCE}</arg>
<arg>timeout=2s</arg>
<doc>Verifies that the element identified by ``locator`` is visible.</doc>
<status status="PASS" start="2024-08-26T20:00:04.243834" elapsed="0.019678"/>
</kw>
<kw name="Sleep" owner="BuiltIn">
<msg time="2024-08-26T20:00:06.273562" level="INFO">Slept 2 seconds.</msg>
<arg>2s</arg>
<doc>Pauses the test executed for the given time.</doc>
<status status="PASS" start="2024-08-26T20:00:04.263512" elapsed="2.010050"/>
</kw>
<status status="PASS" start="2024-08-26T20:00:04.233441" elapsed="2.040121"/>
</kw>
<kw name="Input Text" owner="SeleniumLibrary">
<msg time="2024-08-26T20:00:06.273562" level="INFO">Typing text 'varun.datt@dtskill.com' into text field 'xpath=/html/body/main/div/div/div/div[1]/div/div[2]/div[1]/form/div[1]/input'.</msg>
<arg>${USERNAME_LOCATOR}</arg>
<arg>${email}</arg>
<doc>Types the given ``text`` into the text field identified by ``locator``.</doc>
<status status="PASS" start="2024-08-26T20:00:06.273562" elapsed="0.202624"/>
</kw>
<kw name="Input Text" owner="SeleniumLibrary">
<msg time="2024-08-26T20:00:06.476186" level="INFO">Typing text '123456' into text field 'xpath=/html/body/main/div/div/div/div[1]/div/div[2]/div[1]/form/div[2]/input'.</msg>
<arg>${PASSWORD_LOCATOR}</arg>
<arg>${password}</arg>
<doc>Types the given ``text`` into the text field identified by ``locator``.</doc>
<status status="PASS" start="2024-08-26T20:00:06.476186" elapsed="0.177124"/>
</kw>
<arg>${USERNAME}</arg>
<arg>${PASSWORD}</arg>
<status status="PASS" start="2024-08-26T19:59:49.705311" elapsed="16.947999"/>
</kw>
<kw name="Click Login Button" owner="Loginpage_Keywords">
<kw name="Click Element" owner="SeleniumLibrary">
<msg time="2024-08-26T20:00:06.658902" level="INFO">Clicking element 'xpath=/html/body/main/div/div/div/div[1]/div/div[2]/div[1]/form/button'.</msg>
<arg>${LOGIN_BUTTON}</arg>
<doc>Click the element identified by ``locator``.</doc>
<status status="PASS" start="2024-08-26T20:00:06.653310" elapsed="0.084216"/>
</kw>
<kw name="Sleep" owner="BuiltIn">
<msg time="2024-08-26T20:00:08.748428" level="INFO">Slept 2 seconds.</msg>
<arg>2s</arg>
<doc>Pauses the test executed for the given time.</doc>
<status status="PASS" start="2024-08-26T20:00:06.737526" elapsed="2.011411"/>
</kw>
<status status="PASS" start="2024-08-26T20:00:06.653310" elapsed="2.095943"/>
</kw>
<kw name="Wait Until Location Is" owner="SeleniumLibrary">
<arg>${SUCCESS_URL}</arg>
<arg>timeout=20s</arg>
<doc>Waits until the current URL is ``expected``.</doc>
<status status="PASS" start="2024-08-26T20:00:08.749253" elapsed="0.039271"/>
</kw>
<kw name="Location Should Be" owner="SeleniumLibrary">
<msg time="2024-08-26T20:00:08.799161" level="INFO">Current location is 'https://gene-nextjs-dev.dtskill.com/dashboard'.</msg>
<arg>${SUCCESS_URL}</arg>
<doc>Verifies that the current URL is exactly ``url``.</doc>
<status status="PASS" start="2024-08-26T20:00:08.788524" elapsed="0.010637"/>
</kw>
<kw name="Sleep" owner="BuiltIn">
<msg time="2024-08-26T20:00:15.808566" level="INFO">Slept 7 seconds.</msg>
<arg>7s</arg>
<doc>Pauses the test executed for the given time.</doc>
<status status="PASS" start="2024-08-26T20:00:08.799161" elapsed="7.009405"/>
</kw>
<kw name="Close Browser" owner="SeleniumLibrary" type="TEARDOWN">
<doc>Closes the current browser.</doc>
<status status="PASS" start="2024-08-26T20:00:15.808566" elapsed="2.314698"/>
</kw>
<doc>Verifies that a user can log in with valid credentials</doc>
<status status="PASS" start="2024-08-26T19:59:37.743650" elapsed="40.379614"/>
</test>
<status status="PASS" start="2024-08-26T19:59:36.688385" elapsed="41.434879"/>
</suite>
<status status="PASS" start="2024-08-26T19:59:36.678302" elapsed="41.444962"/>
</suite>
<status status="PASS" start="2024-08-26T19:59:36.628402" elapsed="41.494862"/>
</suite>
<statistics>
<total>
<stat pass="1" fail="0" skip="0">All Tests</stat>
</total>
<tag>
</tag>
<suite>
<stat pass="1" fail="0" skip="0" id="s1" name="Suites">Suites</stat>
<stat pass="1" fail="0" skip="0" id="s1-s1" name="LOGIN PAGE TEST">Suites.LOGIN PAGE TEST</stat>
<stat pass="1" fail="0" skip="0" id="s1-s1-s1" name="Loginpage Testcases">Suites.LOGIN PAGE TEST.Loginpage Testcases</stat>
</suite>
</statistics>
<errors>
<msg time="2024-08-26T19:59:37.703573" level="ERROR">Error in file 'C:\Users\ANIL KUMAR RAHUL\PycharmProjects\GenE_Automation\Settings\settings.robot' on line 3: Processing variable file '../Variables' failed: Importing variable file '../Variables' failed: ModuleNotFoundError: No module named '.'
Traceback (most recent call last):
  None
PYTHONPATH:
  C:\Python310\Scripts\robot.exe
  C:\Python310\python310.zip
  C:\Python310\DLLs
  C:\Python310\lib
  C:\Python310
  C:\Python310\lib\site-packages</msg>
</errors>
</robot>
