<?xml version="1.0" encoding="UTF-8"?>
<robot generator="Robot 7.0.1 (Python 3.10.2 on win32)" generated="2024-08-26T19:59:36.506171" rpa="false" schemaversion="5">
<suite id="s1" name="Suites">
<suite id="s1-s1" name="SIGNUP PAGE TEST" source="C:\Users\ANIL KUMAR RAHUL\PycharmProjects\GenE_Automation\Testcases\SIGNUP_PAGE_TEST">
<suite id="s1-s1-s1" name="SignUpPage Testcase" source="C:\Users\ANIL KUMAR RAHUL\PycharmProjects\GenE_Automation\Testcases\SIGNUP_PAGE_TEST\SignUpPage_Testcase.robot">
<test id="s1-s1-s1-t1" name="Combined Test Cases for Sign-Up Page" line="8">
<kw name="Open Sign Up Page" owner="SignUpPage_Keywords" type="SETUP">
<kw name="Open Browser" owner="SeleniumLibrary">
<msg time="2024-08-26T19:59:37.293397" level="INFO">Opening browser 'chrome' to base url 'https://gene-nextjs-dev.dtskill.com/signin'.</msg>
<arg>${URL}</arg>
<arg>chrome</arg>
<doc>Opens a new browser instance to the optional ``url``.</doc>
<status status="PASS" start="2024-08-26T19:59:37.293397" elapsed="7.721795"/>
</kw>
<kw name="Maximize Browser Window" owner="SeleniumLibrary">
<doc>Maximizes current browser window.</doc>
<status status="PASS" start="2024-08-26T19:59:45.018208" elapsed="0.622565"/>
</kw>
<kw name="Click Element" owner="SeleniumLibrary">
<msg time="2024-08-26T19:59:45.642285" level="INFO">Clicking element 'xpath=/html/body/main/div/div/div/div[1]/div/div[2]/div[2]/div/a/span'.</msg>
<arg>${SIGN_UP_LINK_LOCATOR}</arg>
<doc>Click the element identified by ``locator``.</doc>
<status status="PASS" start="2024-08-26T19:59:45.640773" elapsed="0.444713"/>
</kw>
<kw name="Wait Until Location Is" owner="SeleniumLibrary">
<arg>${SIGN_UP_PAGE_URL}</arg>
<arg>timeout=5s</arg>
<doc>Waits until the current URL is ``expected``.</doc>
<status status="PASS" start="2024-08-26T19:59:46.086500" elapsed="0.237020"/>
</kw>
<status status="PASS" start="2024-08-26T19:59:37.288324" elapsed="9.035196"/>
</kw>
<kw name="Sleep" owner="BuiltIn">
<msg time="2024-08-26T19:59:49.327904" level="INFO">Slept 3 seconds.</msg>
<arg>3s</arg>
<doc>Pauses the test executed for the given time.</doc>
<status status="PASS" start="2024-08-26T19:59:46.324532" elapsed="3.003372"/>
</kw>
<kw name="Page Should Contain Element" owner="SeleniumLibrary">
<msg time="2024-08-26T19:59:49.383615" level="INFO">Current page contains element 'xpath=//img[@alt='sign-up logo']'.</msg>
<arg>${GENE_LOGO_IN_SIGNUP}</arg>
<doc>Verifies that element ``locator`` is found on the current page.</doc>
<status status="PASS" start="2024-08-26T19:59:49.329905" elapsed="0.054729"/>
</kw>
<kw name="Page Should Contain Element" owner="SeleniumLibrary">
<msg time="2024-08-26T19:59:49.413225" level="INFO">Current page contains element 'xpath=//i[@class='feather-user']'.</msg>
<arg>${ENTER_YOUR_NAME_LOGO}</arg>
<doc>Verifies that element ``locator`` is found on the current page.</doc>
<status status="PASS" start="2024-08-26T19:59:49.384634" elapsed="0.028591"/>
</kw>
<kw name="Page Should Contain Element" owner="SeleniumLibrary">
<msg time="2024-08-26T19:59:49.451374" level="INFO">Current page contains element 'xpath=/html/body/main/div/div/div/div[1]/div/div[2]/div[1]/form/div[1]/input'.</msg>
<arg>${NAME_INPUT_LOCATOR}</arg>
<doc>Verifies that element ``locator`` is found on the current page.</doc>
<status status="PASS" start="2024-08-26T19:59:49.414237" elapsed="0.037137"/>
</kw>
<kw name="Page Should Contain Element" owner="SeleniumLibrary">
<msg time="2024-08-26T19:59:49.579890" level="INFO">Current page contains element 'xpath=//i[@class='feather-briefcase']'.</msg>
<arg>${BRIEFCASE_LOGO}</arg>
<doc>Verifies that element ``locator`` is found on the current page.</doc>
<status status="PASS" start="2024-08-26T19:59:49.452373" elapsed="0.127517"/>
</kw>
<kw name="Page Should Contain Element" owner="SeleniumLibrary">
<msg time="2024-08-26T19:59:49.611489" level="INFO">Current page contains element 'xpath=//i[@class='fa-sharp fa-regular fa-envelope']'.</msg>
<arg>${EMAIL_LOGO_IN_SIGNUP}</arg>
<doc>Verifies that element ``locator`` is found on the current page.</doc>
<status status="PASS" start="2024-08-26T19:59:49.580891" elapsed="0.030598"/>
</kw>
<kw name="Page Should Contain Element" owner="SeleniumLibrary">
<msg time="2024-08-26T19:59:49.645122" level="INFO">Current page contains element 'xpath=//div[4]//div[1]//i[1]'.</msg>
<arg>${LOCK_LOGO_IN_SIGNUP}</arg>
<doc>Verifies that element ``locator`` is found on the current page.</doc>
<status status="PASS" start="2024-08-26T19:59:49.612487" elapsed="0.032635"/>
</kw>
<kw name="Page Should Contain Element" owner="SeleniumLibrary">
<msg time="2024-08-26T19:59:49.663671" level="INFO">Current page contains element 'xpath=//div[4]//div[1]//i[1]'.</msg>
<arg>${CONFIRM_PASSWORD_LOGO}</arg>
<doc>Verifies that element ``locator`` is found on the current page.</doc>
<status status="PASS" start="2024-08-26T19:59:49.646121" elapsed="0.017550"/>
</kw>
<kw name="Page Should Contain Element" owner="SeleniumLibrary">
<msg time="2024-08-26T19:59:49.685253" level="INFO">Current page contains element 'xpath=//div[@class='forget-text']'.</msg>
<arg>${FORGOT_PASSWORD_PRESENCE}</arg>
<doc>Verifies that element ``locator`` is found on the current page.</doc>
<status status="PASS" start="2024-08-26T19:59:49.664179" elapsed="0.022070"/>
</kw>
<kw name="Page Should Contain Element" owner="SeleniumLibrary">
<msg time="2024-08-26T19:59:49.703389" level="INFO">Current page contains element 'xpath=//button[normalize-space()='Sign Up']'.</msg>
<arg>${SIGN_UP_BUTTON_PRESENCE_IN_SIGNUP}</arg>
<doc>Verifies that element ``locator`` is found on the current page.</doc>
<status status="PASS" start="2024-08-26T19:59:49.686249" elapsed="0.017140"/>
</kw>
<kw name="Page Should Contain Element" owner="SeleniumLibrary">
<msg time="2024-08-26T19:59:49.721847" level="INFO">Current page contains element 'xpath=//span[normalize-space()='Sign In']'.</msg>
<arg>${SIGN_IN_PRESENCE_IN_SIGNUP}</arg>
<doc>Verifies that element ``locator`` is found on the current page.</doc>
<status status="PASS" start="2024-08-26T19:59:49.703389" elapsed="0.018458"/>
</kw>
<kw name="Fill Sign Up Form" owner="SignUpPage_Keywords">
<kw name="Input Text" owner="SeleniumLibrary">
<msg time="2024-08-26T19:59:49.725375" level="INFO">Typing text 'Anil' into text field 'xpath=/html/body/main/div/div/div/div[1]/div/div[2]/div[1]/form/div[1]/input'.</msg>
<arg>${NAME_INPUT_LOCATOR}</arg>
<arg>${name}</arg>
<doc>Types the given ``text`` into the text field identified by ``locator``.</doc>
<status status="PASS" start="2024-08-26T19:59:49.724373" elapsed="0.183599"/>
</kw>
<kw name="Input Text" owner="SeleniumLibrary">
<msg time="2024-08-26T19:59:49.909974" level="INFO">Typing text 'anil.kumar@dtskill.com' into text field 'xpath=//input[@placeholder='Enter email address']'.</msg>
<arg>${EMAIL_INPUT_LOCATOR_IN_SIGNUP}</arg>
<arg>${email}</arg>
<doc>Types the given ``text`` into the text field identified by ``locator``.</doc>
<status status="PASS" start="2024-08-26T19:59:49.908974" elapsed="0.169114"/>
</kw>
<kw name="Input Text" owner="SeleniumLibrary">
<msg time="2024-08-26T19:59:50.080087" level="INFO">Typing text '123456' into text field 'xpath=//input[@placeholder='Create Password']'.</msg>
<arg>${CREATE_PASSWORD_IN_SIGNUP}</arg>
<arg>${password}</arg>
<doc>Types the given ``text`` into the text field identified by ``locator``.</doc>
<status status="PASS" start="2024-08-26T19:59:50.079086" elapsed="0.342711"/>
</kw>
<kw name="Input Text" owner="SeleniumLibrary">
<msg time="2024-08-26T19:59:50.424324" level="INFO">Typing text '123456' into text field 'xpath=//input[@placeholder='Confirm Password']'.</msg>
<arg>${CONFIRM_PASSWORD_IN_SIGNUP}</arg>
<arg>${confirm_password}</arg>
<doc>Types the given ``text`` into the text field identified by ``locator``.</doc>
<status status="PASS" start="2024-08-26T19:59:50.423310" elapsed="0.250988"/>
</kw>
<arg>Anil</arg>
<arg>anil.kumar@dtskill.com</arg>
<arg>123456</arg>
<arg>123456</arg>
<status status="PASS" start="2024-08-26T19:59:49.723361" elapsed="0.951934"/>
</kw>
<kw name="Page Should Contain Element" owner="SeleniumLibrary">
<msg time="2024-08-26T19:59:50.695377" level="INFO">Current page contains element 'xpath=//*[@class='css-8mmkcg']'.</msg>
<arg>${ORG_DROPDOWN_LOCATOR}</arg>
<doc>Verifies that element ``locator`` is found on the current page.</doc>
<status status="PASS" start="2024-08-26T19:59:50.675295" elapsed="0.020082"/>
</kw>
<kw name="Wait Until Element Is Visible" owner="SeleniumLibrary">
<arg>${ORG_ARROW_LOCATOR}</arg>
<arg>timeout=20s</arg>
<doc>Waits until the element ``locator`` is visible.</doc>
<status status="PASS" start="2024-08-26T19:59:50.696366" elapsed="0.032592"/>
</kw>
<kw name="Click Element" owner="SeleniumLibrary">
<msg time="2024-08-26T19:59:50.729957" level="INFO">Clicking element 'xpath=//*[@class='css-8mmkcg']'.</msg>
<arg>${ORG_ARROW_LOCATOR}</arg>
<doc>Click the element identified by ``locator``.</doc>
<status status="PASS" start="2024-08-26T19:59:50.728958" elapsed="0.134543"/>
</kw>
<kw name="Sleep" owner="BuiltIn">
<msg time="2024-08-26T19:59:52.867501" level="INFO">Slept 2 seconds.</msg>
<arg>2s</arg>
<doc>Pauses the test executed for the given time.</doc>
<status status="PASS" start="2024-08-26T19:59:50.863501" elapsed="2.004998"/>
</kw>
<kw name="Click Element" owner="SeleniumLibrary">
<msg time="2024-08-26T19:59:52.870503" level="INFO">Clicking element 'xpath=/html/body/main/div/div/div/div[1]/div/div[2]/div[1]/form/button'.</msg>
<arg>${SIGN_UP_BUTTON}</arg>
<doc>Click the element identified by ``locator``.</doc>
<status status="PASS" start="2024-08-26T19:59:52.868499" elapsed="0.105475"/>
</kw>
<kw name="Sleep" owner="BuiltIn">
<msg time="2024-08-26T19:59:55.983800" level="INFO">Slept 3 seconds.</msg>
<arg>3s</arg>
<doc>Pauses the test executed for the given time.</doc>
<status status="PASS" start="2024-08-26T19:59:52.973974" elapsed="3.010840"/>
</kw>
<kw name="Close Browser" owner="SeleniumLibrary" type="TEARDOWN">
<doc>Closes the current browser.</doc>
<status status="PASS" start="2024-08-26T19:59:55.985810" elapsed="2.402119"/>
</kw>
<status status="PASS" start="2024-08-26T19:59:37.288324" elapsed="21.099605"/>
</test>
<status status="PASS" start="2024-08-26T19:59:36.583476" elapsed="21.805455"/>
</suite>
<status status="PASS" start="2024-08-26T19:59:36.578414" elapsed="21.812516"/>
</suite>
<status status="PASS" start="2024-08-26T19:59:36.533638" elapsed="21.858293"/>
</suite>
<statistics>
<total>
<stat pass="1" fail="0" skip="0">All Tests</stat>
</total>
<tag>
</tag>
<suite>
<stat pass="1" fail="0" skip="0" id="s1" name="Suites">Suites</stat>
<stat pass="1" fail="0" skip="0" id="s1-s1" name="SIGNUP PAGE TEST">Suites.SIGNUP PAGE TEST</stat>
<stat pass="1" fail="0" skip="0" id="s1-s1-s1" name="SignUpPage Testcase">Suites.SIGNUP PAGE TEST.SignUpPage Testcase</stat>
</suite>
</statistics>
<errors>
<msg time="2024-08-26T19:59:37.253562" level="ERROR">Error in file 'C:\Users\ANIL KUMAR RAHUL\PycharmProjects\GenE_Automation\Settings\settings.robot' on line 3: Processing variable file '../Variables' failed: Importing variable file '../Variables' failed: ModuleNotFoundError: No module named '.'
Traceback (most recent call last):
  None
PYTHONPATH:
  C:\Python310\Scripts\robot.exe
  C:\Python310\python310.zip
  C:\Python310\DLLs
  C:\Python310\lib
  C:\Python310
  C:\Python310\lib\site-packages</msg>
</errors>
</robot>
